============================= test session starts =============================
platform win32 -- Python 3.12.10, pytest-8.4.1, pluggy-1.6.0
benchmark: 5.2.0 (defaults: timer=time.perf_counter disable_gc=False min_rounds=5 min_time=0.000005 max_time=1.0 calibration_precision=10 warmup=False warmup_iterations=100000)
rootdir: C:\Users\santa\OneDrive\UNESP\Pesquisa Canabidiol\Codigos_Programas\ZebTrack-AI
configfile: pytest.ini
testpaths: tests
plugins: anyio-4.11.0, benchmark-5.2.0, cov-6.3.0, timeout-2.4.0, xdist-3.8.0
timeout: 300.0s
timeout method: thread
timeout func_only: False
collected 3030 items / 884 deselected / 2146 selected

tests\analysis\test_analysis_service.py ......                           [  0%]
tests\analysis\test_analysis_service_batch.py ..........                 [  0%]
tests\analysis\test_analysis_service_error_handling.py ...............   [  1%]
tests\analysis\test_analysis_service_video_processing.py ............... [  2%]
.....                                                                    [  2%]
tests\analysis\test_angular_velocity_jitter.py ......                    [  2%]
tests\analysis\test_behavior.py .................................        [  4%]
tests\analysis\test_data_transformer.py .........................        [  5%]
tests\analysis\test_reporter.py ...........                              [  5%]
tests\analysis\test_reporter_and_new_features.py ....                    [  6%]
tests\analysis\test_reporter_integration.py .........                    [  6%]
tests\analysis\test_reporter_refactoring_compatibility.py ...........    [  6%]
tests\analysis\test_roi_analyzer.py ........                             [  7%]
tests\analysis\test_roi_metrics.py .................                     [  8%]
tests\analysis\test_visualization_generator.py ......F.................. [  9%]
                                                                         [  9%]
tests\benchmarks\test_benchmark_example.py ...                           [  9%]
tests\coordinators\test_base_coordinator.py ......................       [ 10%]
tests\coordinators\test_base_coordinator_simple.py ...............       [ 11%]
tests\coordinators\test_detector_coordinator.py ........................ [ 12%]
......................................                                   [ 14%]
tests\coordinators\test_dialog_coordinator.py ..............             [ 14%]
tests\coordinators\test_live_camera_coordinator.py ..................... [ 15%]
.....................................                                    [ 17%]
tests\coordinators\test_processing_coordinator.py ...............        [ 18%]
tests\coordinators\test_project_coordinator.py ......................... [ 19%]
................                                                         [ 20%]
tests\coordinators\test_recording_coordinator.py ....................... [ 21%]
.........                                                                [ 21%]
tests\core\test_analysis_coordinator.py .....................            [ 22%]
tests\core\test_application_bootstrapper.py .                            [ 22%]
tests\core\test_arduino_facade.py .....................                  [ 23%]
tests\core\test_batch_configuration_service.py ..................        [ 24%]
tests\core\test_bootstrapper.py ..                                       [ 24%]
tests\core\test_detector_service.py .................................... [ 26%]
....                                                                     [ 26%]
tests\core\test_di_composition_root.py .........                         [ 26%]
tests\core\test_hardware_coordinator.py .............................    [ 28%]
tests\core\test_main_entry_point.py ....s.......ss..                     [ 28%]
tests\core\test_main_view_model_commands.py ....                         [ 29%]
tests\core\test_main_view_model_detector.py ssssssssssssssssssssssssssss [ 30%]
ss                                                                       [ 30%]
tests\core\test_main_view_model_recording.py sssssssssssssssssssssssssss [ 31%]
ss                                                                       [ 31%]
tests\core\test_model_service.py ..........................              [ 32%]
tests\core\test_orchestrator_registry.py .............                   [ 33%]
tests\core\test_project_service.py .................................     [ 35%]
tests\core\test_project_workflow_service.py ............................ [ 36%]
...............                                                          [ 37%]
tests\core\test_recording_facade.py .................                    [ 37%]
tests\core\test_recording_service.py ................................... [ 39%]
................                                                         [ 40%]
tests\core\test_roi_template_manager_validation.py .....                 [ 40%]
tests\core\test_thread_coordinator.py ................                   [ 41%]
tests\core\test_ui_coordinator.py .............................          [ 42%]
tests\core\test_video_orchestrator.py ....................               [ 43%]
tests\core\test_video_processing_service.py ..................           [ 44%]
tests\core\test_video_processing_service_thread_safety.py .....F.F.      [ 44%]
tests\core\test_video_processing_service_tracking.py .............       [ 45%]
tests\core\test_weight_manager.py .......                                [ 45%]
tests\core\test_weight_manager_conversion.py ..                          [ 45%]
tests\core\test_weight_manager_dual_init.py ....                         [ 46%]
tests\core\test_weight_manager_logic.py ......                           [ 46%]
tests\core\test_weight_type_classification.py .....                      [ 46%]
tests\core\test_zone_management_facade.py .............................. [ 47%]
......                                                                   [ 48%]
tests\integration\test_coordinator_integration.py ...............        [ 48%]
tests\integration\test_critical_integrations.py .....                    [ 49%]
tests\integration\test_det_method_fix.py ...                             [ 49%]
tests\integration\test_error_scenarios.py ......                         [ 49%]
tests\integration\test_full_workflow.py ......                           [ 49%]
tests\integration\test_live_camera_analysis_integration.py ssssssss      [ 50%]
tests\io\test_arduino_security.py ........                               [ 50%]
tests\io\test_camera.py F......                                          [ 50%]
tests\io\test_camera_lag.py ......                                       [ 51%]
tests\io\test_frame_source_factory.py ..................                 [ 52%]
tests\io\test_live_stream_source.py ............                         [ 52%]
tests\io\test_video_source.py F...........                               [ 53%]
tests\orchestrators\test_analysis_orchestrator.py .......                [ 53%]
tests\orchestrators\test_model_diagnostics_orchestrator.py .......       [ 53%]
tests\orchestrators\test_video_processing_orchestrator.py .....          [ 54%]
tests\orchestrators\test_zone_arena_orchestrator.py .....                [ 54%]
tests\test_analysis_behavioral_analyzer.py ...................           [ 55%]
tests\test_analysis_metadata_display.py ....                             [ 55%]
tests\test_analysis_models.py ..............                             [ 56%]
tests\test_analysis_view_toggle.py .........                             [ 56%]
tests\test_aquarium_detector.py ............................F..FF....F.. [ 58%]
                                                                         [ 58%]
tests\test_arduino.py ..                                                 [ 58%]
tests\test_calibration.py ....                                           [ 58%]
tests\test_ci_configuration.py .......                                   [ 58%]
tests\test_detection_enforcement.py F
=== PYTEST SESSION CLEANUP ===
Shutdown 2 ThreadPoolExecutor(s)
Canceling 0 pending Tkinter after() callback(s)

Remaining threads at session end: 1
  - MainThread: daemon=False, alive=True
==============================



================================== FAILURES ===================================
_____________ test_generate_trajectory_plot_with_video_background _____________
tests\analysis\test_visualization_generator.py:216: in test_generate_trajectory_plot_with_video_background
    assert mock_cap.read.called
E   AssertionError: assert False
E    +  where False = <Mock name='VideoCapture().read' id='2066409669456'>.called
E    +    where <Mock name='VideoCapture().read' id='2066409669456'> = <Mock name='VideoCapture()' id='2066409579456'>.read
_______ TestConcurrentProcessing.test_concurrent_initial_frame_display ________
tests\core\test_video_processing_service_thread_safety.py:288: in test_concurrent_initial_frame_display
    assert mock_cap.release.call_count == 5
E   AssertionError: assert 0 == 5
E    +  where 0 = <Mock name='VideoCapture().release' id='2066322712304'>.call_count
E    +    where <Mock name='VideoCapture().release' id='2066322712304'> = <Mock name='VideoCapture()' id='2066413836368'>.release
_______ TestConcurrentProcessing.test_concurrent_arena_polygon_creation _______
tests\core\test_video_processing_service_thread_safety.py:338: in test_concurrent_arena_polygon_creation
    assert all(r == [[0, 0], [640, 0], [640, 480], [0, 480]] for r in results)
E   assert False
E    +  where False = all(<generator object TestConcurrentProcessing.test_concurrent_arena_polygon_creation.<locals>.<genexpr> at 0x000001E11FE75120>)
_________________________ test_camera_initialization __________________________
tests\io\test_camera.py:51: in test_camera_initialization
    mock_vc.set.assert_any_call(cv2.CAP_PROP_FRAME_WIDTH, 1280)
C:\Program Files\Python312\Lib\unittest\mock.py:1020: in assert_any_call
    raise AssertionError(
E   AssertionError: set(<MagicMock name='mock.CAP_PROP_FRAME_WIDTH' id='2066413965088'>, 1280) call not found
______________ TestVideoFileSource.test_get_current_frame_number ______________
tests\io\test_video_source.py:157: in test_get_current_frame_number
    mock_cap.get.assert_called_with(cv2.CAP_PROP_POS_FRAMES)
C:\Program Files\Python312\Lib\unittest\mock.py:949: in assert_called_with
    raise AssertionError(_error_message()) from cause
E   AssertionError: expected call not found.
E   Expected: get(<MagicMock name='mock.CAP_PROP_POS_FRAMES' id='2066786386576'>)
E     Actual: get(1)
____ TestAquariumDetectorVideoDetection.test_detect_aquariums_valid_video _____
tests\test_aquarium_detector.py:590: in test_detect_aquariums_valid_video
    assert len(polygons) > 0
E   assert 0 > 0
E    +  where 0 = len([])
_ TestAquariumDetectorVideoDetection.test_detect_aquariums_stabilization_frames _
tests\test_aquarium_detector.py:668: in test_detect_aquariums_stabilization_frames
    assert call_count == 3
E   assert 0 == 3
__ TestAquariumDetectorVideoDetection.test_detect_aquariums_with_string_path __
tests\test_aquarium_detector.py:697: in test_detect_aquariums_with_string_path
    assert len(polygons) > 0
E   assert 0 > 0
E    +  where 0 = len([])
_____ TestAquariumDetectorStabilization.test_temporal_consistency_frames ______
tests\test_aquarium_detector.py:825: in test_temporal_consistency_frames
    assert len(polygons) > 0
E   assert 0 > 0
E    +  where 0 = len([])
______________ test_detection_mode_with_multiple_animals_blocked ______________
tests\test_detection_enforcement.py:29: in test_detection_mode_with_multiple_animals_blocked
    controller = create_test_controller(
tests\helpers\controller_factory.py:120: in create_test_controller
    with patch("zebtrack.core.main_view_model.ApplicationGUI") as MockGUI:
         ^^^^^^^^^^^^^^^^^^^^^^^^^^^^^^^^^^^^^^^^^^^^^^^^^^^^^
C:\Program Files\Python312\Lib\unittest\mock.py:1467: in __enter__
    original, local = self.get_original()
                      ^^^^^^^^^^^^^^^^^^^
C:\Program Files\Python312\Lib\unittest\mock.py:1437: in get_original
    raise AttributeError(
E   AttributeError: <module 'zebtrack.core.main_view_model' from 'C:\\Users\\santa\\OneDrive\\UNESP\\Pesquisa Canabidiol\\Codigos_Programas\\ZebTrack-AI\\src\\zebtrack\\core\\main_view_model.py'> does not have the attribute 'ApplicationGUI'
---------------------------- Captured stdout call -----------------------------
2025-11-22 12:33:53 [info     ] state_manager.initialized      component=state_manager history_enabled=True
============================== warnings summary ===============================
tests/analysis/test_visualization_generator.py::test_generate_comparative_boxplot
  C:\Users\santa\OneDrive\UNESP\Pesquisa Canabidiol\Codigos_Programas\ZebTrack-AI\.venv\Lib\site-packages\seaborn\categorical.py:700: PendingDeprecationWarning: vert: bool will be deprecated in a future version. Use orientation: {'vertical', 'horizontal'} instead.
    artists = ax.bxp(**boxplot_kws)

tests/core/test_main_entry_point.py::TestCompactConsoleRenderer::test_compact_renderer_reduces_spacing
  C:\Program Files\Python312\Lib\unittest\mock.py:470: ResourceWarning: unclosed file <_io.FileIO name='C:\\Users\\santa\\OneDrive\\UNESP\\Pesquisa Canabidiol\\Codigos_Programas\\ZebTrack-AI\\analysis.log' mode='ab' closefd=True>
    __dict__['_mock_mock_calls'] = _CallList()
  Enable tracemalloc to get traceback where the object was allocated.
  See https://docs.pytest.org/en/stable/how-to/capture-warnings.html#resource-warnings for more info.

tests\conftest.py:89
  c:\Users\santa\OneDrive\UNESP\Pesquisa Canabidiol\Codigos_Programas\ZebTrack-AI\tests\conftest.py:89: FutureWarning: `torch.distributed.reduce_op` is deprecated, please use `torch.distributed.ReduceOp` instead
    if isinstance(obj, ThreadPoolExecutor):

-- Docs: https://docs.pytest.org/en/stable/how-to/capture-warnings.html

------------------------------------------------------------------------------------------------------- benchmark: 3 tests ------------------------------------------------------------------------------------------------------
Name (time in us)                              Min                    Max                   Mean                StdDev                 Median                   IQR            Outliers         OPS            Rounds  Iterations
---------------------------------------------------------------------------------------------------------------------------------------------------------------------------------------------------------------------------------
test_benchmark_frame_preprocessing        617.9000 (1.0)       2,831.9000 (1.0)         930.2085 (1.0)        392.6289 (1.0)         677.7000 (1.0)        580.5750 (1.0)          83;8  1,075.0278 (1.0)         543           1
test_benchmark_list_comprehension         662.6000 (1.07)      5,081.2000 (1.79)      1,672.4284 (1.80)       728.9595 (1.86)      1,371.3000 (2.02)     1,036.8000 (1.79)        79;10    597.9329 (0.56)        515           1
test_benchmark_numpy_operations        19,717.3000 (31.91)    36,744.1000 (12.98)    24,311.3233 (26.14)    4,119.6923 (10.49)    23,356.2500 (34.46)    5,019.9000 (8.65)          8;1     41.1331 (0.04)         30           1
---------------------------------------------------------------------------------------------------------------------------------------------------------------------------------------------------------------------------------

Legend:
  Outliers: 1 Standard Deviation from Mean; 1.5 IQR (InterQuartile Range) from 1st Quartile and 3rd Quartile.
  OPS: Operations Per Second, computed as 1 / Mean
=========================== short test summary info ===========================
SKIPPED [1] tests\core\test_main_entry_point.py:140: Obsolete after ApplicationBootstrapper refactoring - needs update
SKIPPED [1] tests\core\test_main_entry_point.py:554: Obsolete after ApplicationBootstrapper refactoring - needs update
SKIPPED [1] tests\core\test_main_entry_point.py:625: Obsolete after ApplicationBootstrapper refactoring - needs update
SKIPPED [30] tests\core\test_main_view_model_detector.py: Phase 3: Needs update for MainViewModel initialization - Phase 4 task
SKIPPED [29] tests\core\test_main_view_model_recording.py: Obsolete after MainViewModel DI refactoring - needs update
SKIPPED [8] tests\integration\test_live_camera_analysis_integration.py: Obsolete after MainViewModel refactoring - functionality moved to LiveCameraCoordinator
FAILED tests/analysis/test_visualization_generator.py::test_generate_trajectory_plot_with_video_background
FAILED tests/core/test_video_processing_service_thread_safety.py::TestConcurrentProcessing::test_concurrent_initial_frame_display
FAILED tests/core/test_video_processing_service_thread_safety.py::TestConcurrentProcessing::test_concurrent_arena_polygon_creation
FAILED tests/io/test_camera.py::test_camera_initialization - AssertionError: ...
FAILED tests/io/test_video_source.py::TestVideoFileSource::test_get_current_frame_number
FAILED tests/test_aquarium_detector.py::TestAquariumDetectorVideoDetection::test_detect_aquariums_valid_video
FAILED tests/test_aquarium_detector.py::TestAquariumDetectorVideoDetection::test_detect_aquariums_stabilization_frames
FAILED tests/test_aquarium_detector.py::TestAquariumDetectorVideoDetection::test_detect_aquariums_with_string_path
FAILED tests/test_aquarium_detector.py::TestAquariumDetectorStabilization::test_temporal_consistency_frames
FAILED tests/test_detection_enforcement.py::test_detection_mode_with_multiple_animals_blocked
!!!!!!!!!!!!!!!!!!!!!!!!! stopping after 10 failures !!!!!!!!!!!!!!!!!!!!!!!!!!
= 10 failed, 1185 passed, 70 skipped, 884 deselected, 3 warnings in 66.42s (0:01:06) =
